<?xml version="1.0" encoding="UTF-8"?>
<!-- Generated by org.testng.reporters.JUnitReportReporter -->
<testsuite hostname="Poonams-MacBook-Air.local" failures="0" tests="1" name="ecommerceApp.com.AddToCartTestCase_3" time="41.433" errors="0" timestamp="2023-12-07T15:24:06 IST" skipped="0">
  <testcase classname="ecommerceApp.com.AddToCartTestCase_3" name="f" time="41.433"/>
</testsuite> <!-- ecommerceApp.com.AddToCartTestCase_3 -->
