<?xml version="1.0" encoding="UTF-8"?>
<!-- Generated by org.testng.reporters.JUnitReportReporter -->
<testsuite hostname="Poonams-MacBook-Air.local" failures="0" tests="1" name="ecommerceApp.com.Page1_testCase" time="5.385" errors="0" timestamp="2024-01-12T21:38:58 IST" skipped="0">
  <testcase classname="ecommerceApp.com.Page1_testCase" name="f" time="5.385"/>
</testsuite> <!-- ecommerceApp.com.Page1_testCase -->
