<?xml version="1.0" encoding="UTF-8"?>
<!-- Generated by org.testng.reporters.JUnitReportReporter -->
<testsuite hostname="Poonams-MacBook-Air.local" failures="0" tests="1" name="ecommerceApp.com.MobileBrowser" time="10.900" errors="0" timestamp="2024-04-01T13:07:15 IST" skipped="0">
  <testcase classname="ecommerceApp.com.MobileBrowser" name="f" time="10.900"/>
</testsuite> <!-- ecommerceApp.com.MobileBrowser -->
