<?xml version="1.0" encoding="UTF-8"?>
<!-- Generated by org.testng.reporters.JUnitReportReporter -->
<testsuite hostname="Poonams-MacBook-Air.local" failures="0" tests="1" name="ecommerceApp.com.MobileBrowser" time="8.527" errors="0" timestamp="2023-12-08T12:51:40 IST" skipped="0">
  <testcase classname="ecommerceApp.com.MobileBrowser" name="f" time="8.527"/>
</testsuite> <!-- ecommerceApp.com.MobileBrowser -->
