<?xml version="1.0" encoding="UTF-8"?>
<!-- Generated by org.testng.reporters.JUnitReportReporter -->
<testsuite hostname="Poonams-MacBook-Air.local" failures="0" tests="1" name="ecommerceApp.com.ToastMsg_testCase2" time="3.642" errors="0" timestamp="2023-12-07T13:01:21 IST" skipped="0">
  <testcase classname="ecommerceApp.com.ToastMsg_testCase2" name="f" time="3.642"/>
</testsuite> <!-- ecommerceApp.com.ToastMsg_testCase2 -->
